Connecting to host 192.168.29.97, port 5201
[  5] local 192.168.29.97 port 40080 connected to 192.168.29.97 port 5201
[  7] local 192.168.29.97 port 40088 connected to 192.168.29.97 port 5201
[ ID] Interval           Transfer     Bitrate         Retr  Cwnd
[  5]   0.00-1.01   sec  1.70 GBytes  14.5 Gbits/sec    0   4.06 MBytes       
[  7]   0.00-1.02   sec  1.72 GBytes  14.5 Gbits/sec    0   4.25 MBytes       
[SUM]   0.00-1.01   sec  3.42 GBytes  29.2 Gbits/sec    0             
- - - - - - - - - - - - - - - - - - - - - - - - -
[  5]   1.01-2.01   sec  1.66 GBytes  14.2 Gbits/sec    0   4.37 MBytes       
[  7]   1.02-2.01   sec  1.76 GBytes  15.2 Gbits/sec    0   4.25 MBytes       
[SUM]   1.01-2.01   sec  3.42 GBytes  29.3 Gbits/sec    0             
- - - - - - - - - - - - - - - - - - - - - - - - -
[  5]   2.01-3.00   sec  2.93 GBytes  25.4 Gbits/sec    1   4.37 MBytes       
[  7]   2.01-3.04   sec  3.05 GBytes  25.4 Gbits/sec    4   4.25 MBytes       
[SUM]   2.01-3.00   sec  5.99 GBytes  51.8 Gbits/sec    5             
- - - - - - - - - - - - - - - - - - - - - - - - -
[  5]   3.00-4.00   sec  4.33 GBytes  37.2 Gbits/sec    0   4.37 MBytes       
[  7]   3.04-4.01   sec  4.42 GBytes  39.4 Gbits/sec    0   4.25 MBytes       
[SUM]   3.00-4.00   sec  8.75 GBytes  75.3 Gbits/sec    0             
- - - - - - - - - - - - - - - - - - - - - - - - -
[  5]   4.00-5.00   sec  5.00 GBytes  42.9 Gbits/sec    0   4.37 MBytes       
[  7]   4.01-5.01   sec  3.96 GBytes  34.1 Gbits/sec    1   4.25 MBytes       
[SUM]   4.00-5.00   sec  8.96 GBytes  76.9 Gbits/sec    1             
- - - - - - - - - - - - - - - - - - - - - - - - -
[  5]   5.00-6.01   sec  4.77 GBytes  40.6 Gbits/sec    0   4.37 MBytes       
[  7]   5.01-6.01   sec  4.90 GBytes  41.9 Gbits/sec    2   3.75 MBytes       
[SUM]   5.00-6.01   sec  9.67 GBytes  82.3 Gbits/sec    2             
- - - - - - - - - - - - - - - - - - - - - - - - -
[  5]   6.01-7.01   sec  5.04 GBytes  43.3 Gbits/sec    1   4.37 MBytes       
[  7]   6.01-7.03   sec  4.73 GBytes  40.0 Gbits/sec    0   4.12 MBytes       
[SUM]   6.01-7.01   sec  9.77 GBytes  84.0 Gbits/sec    1             
- - - - - - - - - - - - - - - - - - - - - - - - -
[  5]   7.01-8.01   sec  3.70 GBytes  31.9 Gbits/sec    1   3.12 MBytes       
[  7]   7.03-8.01   sec  4.55 GBytes  39.9 Gbits/sec    0   4.12 MBytes       
[SUM]   7.01-8.01   sec  8.25 GBytes  71.1 Gbits/sec    1             
- - - - - - - - - - - - - - - - - - - - - - - - -
[  5]   8.01-9.00   sec  5.01 GBytes  43.2 Gbits/sec    2   3.62 MBytes       
[  7]   8.01-9.00   sec  5.10 GBytes  44.0 Gbits/sec    1   4.12 MBytes       
[SUM]   8.01-9.00   sec  10.1 GBytes  87.2 Gbits/sec    3             
- - - - - - - - - - - - - - - - - - - - - - - - -
[  5]   9.00-10.02  sec  4.84 GBytes  40.7 Gbits/sec    0   4.00 MBytes       
[  7]   9.00-10.02  sec  5.03 GBytes  42.3 Gbits/sec    0   4.12 MBytes       
[SUM]   9.00-10.02  sec  9.87 GBytes  83.0 Gbits/sec    0             
- - - - - - - - - - - - - - - - - - - - - - - - -
[ ID] Interval           Transfer     Bitrate         Retr
[  5]   0.00-10.02  sec  39.0 GBytes  33.4 Gbits/sec    5            sender
[  5]   0.00-10.03  sec  39.0 GBytes  33.4 Gbits/sec                  receiver
[  7]   0.00-10.02  sec  39.3 GBytes  33.7 Gbits/sec    8            sender
[  7]   0.00-10.03  sec  39.3 GBytes  33.7 Gbits/sec                  receiver
[SUM]   0.00-10.02  sec  78.3 GBytes  67.1 Gbits/sec   13             sender
[SUM]   0.00-10.03  sec  78.3 GBytes  67.1 Gbits/sec                  receiver

iperf Done.
