Connecting to host 192.168.29.97, port 5201
[  5] local 192.168.29.97 port 59028 connected to 192.168.29.97 port 5201
[  7] local 192.168.29.97 port 59038 connected to 192.168.29.97 port 5201
[ ID] Interval           Transfer     Bitrate         Retr  Cwnd
[  5]   0.00-1.00   sec  4.00 GBytes  34.2 Gbits/sec    7   3.37 MBytes       
[  7]   0.00-1.01   sec  4.06 GBytes  34.4 Gbits/sec   19   2.87 MBytes       
[SUM]   0.00-1.00   sec  8.05 GBytes  68.9 Gbits/sec   26             
- - - - - - - - - - - - - - - - - - - - - - - - -
[  5]   1.00-2.02   sec  5.26 GBytes  44.4 Gbits/sec    0   3.75 MBytes       
[  7]   1.01-2.03   sec  5.20 GBytes  44.0 Gbits/sec    0   3.43 MBytes       
[SUM]   1.00-2.02   sec  10.5 GBytes  88.3 Gbits/sec    0             
- - - - - - - - - - - - - - - - - - - - - - - - -
[  5]   2.02-3.03   sec  5.24 GBytes  44.7 Gbits/sec    0   4.12 MBytes       
[  7]   2.03-3.03   sec  5.15 GBytes  43.9 Gbits/sec    0   3.87 MBytes       
[SUM]   2.02-3.03   sec  10.4 GBytes  88.7 Gbits/sec    0             
- - - - - - - - - - - - - - - - - - - - - - - - -
[  5]   3.03-4.01   sec  4.63 GBytes  40.5 Gbits/sec    0   4.12 MBytes       
[  7]   3.03-4.02   sec  5.05 GBytes  44.2 Gbits/sec    2   2.87 MBytes       
[SUM]   3.03-4.01   sec  9.67 GBytes  84.6 Gbits/sec    2             
- - - - - - - - - - - - - - - - - - - - - - - - -
[  5]   4.01-5.00   sec  4.37 GBytes  37.7 Gbits/sec    0   4.12 MBytes       
[  7]   4.02-5.00   sec  4.24 GBytes  36.8 Gbits/sec   10   4.56 MBytes       
[SUM]   4.01-5.00   sec  8.60 GBytes  74.3 Gbits/sec   10             
- - - - - - - - - - - - - - - - - - - - - - - - -
[  5]   5.00-6.00   sec  2.80 GBytes  24.1 Gbits/sec    0   4.12 MBytes       
[  7]   5.00-6.00   sec  2.38 GBytes  20.4 Gbits/sec    1   4.56 MBytes       
[SUM]   5.00-6.00   sec  5.17 GBytes  44.5 Gbits/sec    1             
- - - - - - - - - - - - - - - - - - - - - - - - -
[  5]   6.00-7.00   sec  2.04 GBytes  17.5 Gbits/sec    0   4.12 MBytes       
[  7]   6.00-7.02   sec  2.01 GBytes  16.9 Gbits/sec    1   4.56 MBytes       
[SUM]   6.00-7.00   sec  4.04 GBytes  34.8 Gbits/sec    1             
- - - - - - - - - - - - - - - - - - - - - - - - -
[  5]   7.00-8.01   sec  1.62 GBytes  13.8 Gbits/sec    0   4.12 MBytes       
[  7]   7.02-8.03   sec  1.61 GBytes  13.8 Gbits/sec    4   4.56 MBytes       
[SUM]   7.00-8.01   sec  3.23 GBytes  27.5 Gbits/sec    4             
- - - - - - - - - - - - - - - - - - - - - - - - -
[  5]   8.01-9.01   sec  2.04 GBytes  17.6 Gbits/sec    1   4.12 MBytes       
[  7]   8.03-9.03   sec  2.01 GBytes  17.2 Gbits/sec    1   4.56 MBytes       
[SUM]   8.01-9.01   sec  4.05 GBytes  34.9 Gbits/sec    2             
- - - - - - - - - - - - - - - - - - - - - - - - -
[  5]   9.01-10.04  sec  1.57 GBytes  13.2 Gbits/sec    5   4.12 MBytes       
[  7]   9.03-10.04  sec  1.55 GBytes  13.2 Gbits/sec    4   4.56 MBytes       
[SUM]   9.01-10.04  sec  3.12 GBytes  26.1 Gbits/sec    9             
- - - - - - - - - - - - - - - - - - - - - - - - -
[ ID] Interval           Transfer     Bitrate         Retr
[  5]   0.00-10.04  sec  33.7 GBytes  28.9 Gbits/sec   13            sender
[  5]   0.00-10.04  sec  33.7 GBytes  28.9 Gbits/sec                  receiver
[  7]   0.00-10.04  sec  33.3 GBytes  28.5 Gbits/sec   42            sender
[  7]   0.00-10.04  sec  33.3 GBytes  28.5 Gbits/sec                  receiver
[SUM]   0.00-10.04  sec  67.1 GBytes  57.4 Gbits/sec   55             sender
[SUM]   0.00-10.04  sec  67.1 GBytes  57.3 Gbits/sec                  receiver

iperf Done.
